0 info it worked if it ends with ok
1 verbose cli [ '/usr/bin/iojs', '/usr/bin/npm', 'run', 'lint' ]
2 info using npm@2.13.3
3 info using node@v3.0.0
4 verbose run-script [ 'prelint', 'lint', 'postlint' ]
5 info prelint piggy-module@0.0.12
6 info lint piggy-module@0.0.12
7 verbose unsafe-perm in lifecycle true
8 info piggy-module@0.0.12 Failed to exec lint script
9 verbose stack Error: piggy-module@0.0.12 lint: `jshint src/*`
9 verbose stack Exit status 2
9 verbose stack     at EventEmitter.<anonymous> (/usr/lib/node_modules/npm/lib/utils/lifecycle.js:214:16)
9 verbose stack     at emitTwo (events.js:87:13)
9 verbose stack     at EventEmitter.emit (events.js:172:7)
9 verbose stack     at ChildProcess.<anonymous> (/usr/lib/node_modules/npm/lib/utils/spawn.js:24:14)
9 verbose stack     at emitTwo (events.js:87:13)
9 verbose stack     at ChildProcess.emit (events.js:172:7)
9 verbose stack     at maybeClose (internal/child_process.js:764:16)
9 verbose stack     at Process.ChildProcess._handle.onexit (internal/child_process.js:211:5)
10 verbose pkgid piggy-module@0.0.12
11 verbose cwd /home/tilap/Tilap/dev/piggy/node_modules/piggy-module
12 error Linux 3.13.0-57-generic
13 error argv "/usr/bin/iojs" "/usr/bin/npm" "run" "lint"
14 error node v3.0.0
15 error npm  v2.13.3
16 error code ELIFECYCLE
17 error piggy-module@0.0.12 lint: `jshint src/*`
17 error Exit status 2
18 error Failed at the piggy-module@0.0.12 lint script 'jshint src/*'.
18 error This is most likely a problem with the piggy-module package,
18 error not with npm itself.
18 error Tell the author that this fails on your system:
18 error     jshint src/*
18 error You can get their info via:
18 error     npm owner ls piggy-module
18 error There is likely additional logging output above.
19 verbose exit [ 1, true ]
